<?xml version="1.0" encoding="UTF-8"?>
<!-- Generated by org.testng.reporters.JUnitXMLReporter -->
<testsuite hostname="DESKTOP-GR7BR71" ignored="2" name="Test" tests="3" failures="0" timestamp="2021-01-03T11:42:09 IST" time="40.803" errors="0">
  <testcase name="getWeatherData" time="5.282" classname="Scripts.WeatherDataTest"/>
  <testcase name="getResponseBody" time="4.627" classname="Scripts.RestWeatherApiTest"/>
  <testcase name="compare" time="0.642" classname="Scripts.Comparator"/>
  <testcase name="@AfterTest tearDown" time="0.0" classname="utiles.Extentreport">
    <ignored/>
  </testcase> <!-- @AfterTest tearDown -->
  <testcase name="@AfterTest tearDown" time="0.0" classname="utiles.Extentreport">
    <ignored/>
  </testcase> <!-- @AfterTest tearDown -->
</testsuite> <!-- Test -->
